<?xml version="1.0" encoding="UTF-8"?>
<!-- Generated by org.testng.reporters.JUnitXMLReporter -->
<testsuite ignored="0" hostname="Emilianos-Mini.localdomain" failures="1" tests="4" name="Validating User login" time="7.321" errors="0" timestamp="2020-07-13T17:19:43 UYT">
  <testcase classname="Academy.HomePage" name="basePageNavigation" time="3.364"/>
  <testcase classname="Academy.HomePage" name="validateAppNavBar" time="0.255"/>
  <testcase classname="Academy.HomePage" name="validateAppTitle" time="0.29"/>
  <testcase classname="Academy.HomePage" name="validateNavigationBarHome" time="0.426">
    <failure type="java.lang.AssertionError" message="expected [true] but found [false]">
      <![CDATA[java.lang.AssertionError: expected [true] but found [false]
at Academy.HomePage.validateNavigationBarHome(HomePage.java:62)
at java.base/java.util.ArrayList.forEach(ArrayList.java:1540)
... Removed 31 stack frames]]>
    </failure>
  </testcase> <!-- validateNavigationBarHome -->
</testsuite> <!-- Validating User login -->
