<?xml version="1.0" encoding="UTF-8"?>
<!-- Generated by org.testng.reporters.JUnitXMLReporter -->
<testsuite ignored="0" hostname="Emilianos-Mini.localdomain" failures="3" tests="10" name="Validating User login" time="30.903" errors="0" timestamp="2020-07-16T11:35:17 UYT">
  <testcase classname="Academy.HomePage" name="basePageNavigation" time="3.461"/>
  <testcase classname="Academy.HomePage" name="testContactForm" time="4.682"/>
  <testcase classname="Academy.HomePage" name="testContactForm" time="3.152">
    <failure type="java.lang.IllegalArgumentException" message="Keys to send should be a not null CharSequence">
      <![CDATA[java.lang.IllegalArgumentException: Keys to send should be a not null CharSequence
at org.openqa.selenium.remote.RemoteWebElement.sendKeys(RemoteWebElement.java:100)
at Academy.HomePage.testContactForm(HomePage.java:123)
at java.base/java.util.ArrayList.forEach(ArrayList.java:1540)
... Removed 30 stack frames]]>
    </failure>
  </testcase> <!-- testContactForm -->
  <testcase classname="Academy.HomePage" name="validateAppNavBar" time="0.081"/>
  <testcase classname="Academy.HomePage" name="validateAppTitle" time="0.03"/>
  <testcase classname="Academy.HomePage" name="validateNavigationBarCareers" time="2.318"/>
  <testcase classname="Academy.HomePage" name="validateNavigationBarContact" time="2.399">
    <failure type="java.lang.AssertionError" message="expected [true] but found [false]">
      <![CDATA[java.lang.AssertionError: expected [true] but found [false]
at Academy.HomePage.validateNavigationBarContact(HomePage.java:111)
at java.base/java.util.ArrayList.forEach(ArrayList.java:1540)
... Removed 34 stack frames]]>
    </failure>
  </testcase> <!-- validateNavigationBarContact -->
  <testcase classname="Academy.HomePage" name="validateNavigationBarHome" time="3.161"/>
  <testcase classname="Academy.HomePage" name="validateNavigationBarServices" time="3.168"/>
  <testcase classname="Academy.HomePage" name="validateNavigationBarWork" time="3.135">
    <failure type="java.lang.AssertionError" message="expected [true] but found [false]">
      <![CDATA[java.lang.AssertionError: expected [true] but found [false]
at Academy.HomePage.validateNavigationBarWork(HomePage.java:88)
at java.base/java.util.ArrayList.forEach(ArrayList.java:1540)
... Removed 34 stack frames]]>
    </failure>
  </testcase> <!-- validateNavigationBarWork -->
</testsuite> <!-- Validating User login -->
