<!DOCTYPE html PUBLIC "-//W3C//DTD XHTML 1.1//EN" "http://www.w3.org/TR/xhtml11/DTD/xhtml11.dtd">
<html xmlns="http://www.w3.org/1999/xhtml">
<head>
<meta http-equiv="content-type" content="text/html; charset=UTF-8"/>
<title>TestNG Report</title>
<style type="text/css">table {margin-bottom:10px;border-collapse:collapse;empty-cells:show}th,td {border:1px solid #009;padding:.25em .5em}th {vertical-align:bottom}td {vertical-align:top}table a {font-weight:bold}.stripe td {background-color: #E6EBF9}.num {text-align:right}.passedodd td {background-color: #3F3}.passedeven td {background-color: #0A0}.skippedodd td {background-color: #DDD}.skippedeven td {background-color: #CCC}.failedodd td,.attn {background-color: #F33}.failedeven td,.stripe .attn {background-color: #D00}.stacktrace {white-space:pre;font-family:monospace}.totop {font-size:85%;text-align:center;border-bottom:2px solid #000}.invisible {display:none}</style>
</head>
<body>
<table>
<tr><th>Test</th><th># Passed</th><th># Skipped</th><th># Retried</th><th># Failed</th><th>Time (ms)</th><th>Included Groups</th><th>Excluded Groups</th></tr>
<tr><th colspan="8">Suite</th></tr>
<tr><td><a href="#t0">Validating User login</a></td><td class="num">7</td><td class="num">0</td><td class="num">0</td><td class="num attn">3</td><td class="num">30.903</td><td></td><td></td></tr>
</table>
<table id='summary'><thead><tr><th>Class</th><th>Method</th><th>Start</th><th>Time (ms)</th></tr></thead><tbody><tr><th colspan="4">Suite</th></tr></tbody><tbody id="t0"><tr><th colspan="4">Validating User login &#8212; failed</th></tr><tr class="failedeven"><td rowspan="3">Academy.HomePage</td><td><a href="#m0">testContactForm</a></td><td rowspan="1">1594910098633</td><td rowspan="1">3152</td></tr><tr class="failedeven"><td><a href="#m1">validateNavigationBarContact</a></td><td rowspan="1">1594910104650</td><td rowspan="1">2399</td></tr><tr class="failedeven"><td><a href="#m2">validateNavigationBarWork</a></td><td rowspan="1">1594910113689</td><td rowspan="1">3135</td></tr><tr><th colspan="4">Validating User login &#8212; passed</th></tr><tr class="passedeven"><td rowspan="7">Academy.HomePage</td><td><a href="#m3">basePageNavigation</a></td><td rowspan="1">1594910090476</td><td rowspan="1">3461</td></tr><tr class="passedeven"><td><a href="#m4">testContactForm</a></td><td rowspan="1">1594910093950</td><td rowspan="1">4682</td></tr><tr class="passedeven"><td><a href="#m5">validateAppNavBar</a></td><td rowspan="1">1594910102216</td><td rowspan="1">81</td></tr><tr class="passedeven"><td><a href="#m6">validateAppTitle</a></td><td rowspan="1">1594910102300</td><td rowspan="1">30</td></tr><tr class="passedeven"><td><a href="#m7">validateNavigationBarCareers</a></td><td rowspan="1">1594910102331</td><td rowspan="1">2318</td></tr><tr class="passedeven"><td><a href="#m8">validateNavigationBarHome</a></td><td rowspan="1">1594910107358</td><td rowspan="1">3161</td></tr><tr class="passedeven"><td><a href="#m9">validateNavigationBarServices</a></td><td rowspan="1">1594910110520</td><td rowspan="1">3168</td></tr></tbody>
</table>
<h2>Validating User login</h2><h3 id="m0">Academy.HomePage#testContactForm</h3><table class="result"><tr class="param"><th>Parameter #1</th><th>Parameter #2</th><th>Parameter #3</th></tr><tr class="param stripe"><td>null</td><td>null</td><td>null</td></tr><tr><th colspan="3">Exception</th></tr><tr><td colspan="3"><div class="stacktrace">java.lang.IllegalArgumentException: Keys to send should be a not null CharSequence
	at org.openqa.selenium.remote.RemoteWebElement.sendKeys(RemoteWebElement.java:100)
	at Academy.HomePage.testContactForm(HomePage.java:123)
	at java.base/java.util.ArrayList.forEach(ArrayList.java:1540)
... Removed 30 stack frames</div></td></tr></table><p class="totop"><a href="#summary">back to summary</a></p>
<h3 id="m1">Academy.HomePage#validateNavigationBarContact</h3><table class="result"><tr><th>Exception</th></tr><tr><td><div class="stacktrace">java.lang.AssertionError: expected [true] but found [false]
	at Academy.HomePage.validateNavigationBarContact(HomePage.java:111)
	at java.base/java.util.ArrayList.forEach(ArrayList.java:1540)
... Removed 34 stack frames</div></td></tr></table><p class="totop"><a href="#summary">back to summary</a></p>
<h3 id="m2">Academy.HomePage#validateNavigationBarWork</h3><table class="result"><tr><th>Exception</th></tr><tr><td><div class="stacktrace">java.lang.AssertionError: expected [true] but found [false]
	at Academy.HomePage.validateNavigationBarWork(HomePage.java:88)
	at java.base/java.util.ArrayList.forEach(ArrayList.java:1540)
... Removed 34 stack frames</div></td></tr></table><p class="totop"><a href="#summary">back to summary</a></p>
<h3 id="m3">Academy.HomePage#basePageNavigation</h3><table class="result"><tr><th class="invisible"/></tr></table><p class="totop"><a href="#summary">back to summary</a></p>
<h3 id="m4">Academy.HomePage#testContactForm</h3><table class="result"><tr class="param"><th>Parameter #1</th><th>Parameter #2</th><th>Parameter #3</th></tr><tr class="param stripe"><td>Prueba1</td><td>erodriguez@effectussofware.com</td><td>Message</td></tr></table><p class="totop"><a href="#summary">back to summary</a></p>
<h3 id="m5">Academy.HomePage#validateAppNavBar</h3><table class="result"><tr><th class="invisible"/></tr></table><p class="totop"><a href="#summary">back to summary</a></p>
<h3 id="m6">Academy.HomePage#validateAppTitle</h3><table class="result"><tr><th class="invisible"/></tr></table><p class="totop"><a href="#summary">back to summary</a></p>
<h3 id="m7">Academy.HomePage#validateNavigationBarCareers</h3><table class="result"><tr><th class="invisible"/></tr></table><p class="totop"><a href="#summary">back to summary</a></p>
<h3 id="m8">Academy.HomePage#validateNavigationBarHome</h3><table class="result"><tr><th class="invisible"/></tr></table><p class="totop"><a href="#summary">back to summary</a></p>
<h3 id="m9">Academy.HomePage#validateNavigationBarServices</h3><table class="result"><tr><th class="invisible"/></tr></table><p class="totop"><a href="#summary">back to summary</a></p>
</body>
</html>
